<?xml version="1.0" encoding="UTF-8"?>
<om:core xmlns:xsi="http://www.w3.org/2001/XMLSchema-instance"
    xmlns:om="http://solrfusion.outermedia.org/configuration/"
    xmlns="http://solrfusion.outermedia.org/configuration/type/"
    xsi:schemaLocation="http://solrfusion.outermedia.org/configuration/ ../../main/resources/configuration.xsd ">

    <om:fusion-schema-fields default-type="text">
        <om:field name="id"/>
        <om:field name="author"/>
        <om:field name="title"/>
        <om:field name="score" type="double"/>
        <om:field name="source"/>
        <om:field name="today"/>
        <om:field name="today2"/>
        <om:field name="today3"/>
        <om:field name="today4"/>
        <om:field name="text1"/>
        <om:field name="text2"/>
        <om:field name="text3"/>
        <om:field name="text4" multi-value="true"/>
        <om:field name="text6"/>
        <om:field name="text7"/>
        <om:field name="text8"/>
        <om:field name="text9"/>
        <om:field name="text10"/>
        <om:field name="text11"/>
        <om:field name="text12"/>
        <om:field name="text13" multi-value="true"/>
        <om:field name="text14"/>
        <om:field name="text15"/>
        <om:field name="text16"/>
        <om:field name="text17"/>
        <om:field name="text18a"/>
        <om:field name="text18b"/>
        <om:field name="server"/>
        <om:field name="language"/>
    </om:fusion-schema-fields>

    <om:script-type name="javascript-file" class="org.outermedia.solrfusion.types.JsFile"/>
    <om:script-type name="beanshell-file" class="org.outermedia.solrfusion.types.BshFile"/>
    <om:script-type name="javascript" class="org.outermedia.solrfusion.types.Js"/>
    <om:script-type name="beanshell" class="org.outermedia.solrfusion.types.Bsh"/>
    <om:script-type name="java-class" class="org.outermedia.solrfusion.types.Java"/>
    <om:script-type name="regexp" class="org.outermedia.solrfusion.types.RegularExpression"/>
    <om:script-type name="static-table-file" class="org.outermedia.solrfusion.types.TableFile"/>
    <om:script-type name="static-table" class="org.outermedia.solrfusion.types.Table"/>
    <om:script-type name="static-value" class="org.outermedia.solrfusion.types.Value"/>
    <om:script-type name="merge-multi-value" class="org.outermedia.solrfusion.types.MultiValueMerger"/>
    <!--<om:script-type name="copy-term-query-for-search-server"-->
    <!--class="org.outermedia.solrfusion.types.CopyFusionTermQueryToSearchServerQuery"/>-->

    <om:default-search-field>title</om:default-search-field>

    <om:default-sort-field>score desc</om:default-sort-field>

    <om:default-operator>AND</om:default-operator>

    <om:id-generator fusion-name="id"
        class="org.outermedia.solrfusion.DefaultIdGenerator$Factory"/>

    <om:response-consolidator class="org.outermedia.solrfusion.response.PagingResponseConsolidator$Factory"/>

    <om:response-mapper class="org.outermedia.solrfusion.mapper.ResponseMapper$Factory"/>

    <om:query-mapper class="org.outermedia.solrfusion.mapper.QueryMapper$Factory"/>

    <om:controller class="org.outermedia.solrfusion.FusionController$Factory"/>

    <om:ids-controller class="org.outermedia.solrfusion.IdsFusionController$Factory" />

    <om:solr-servers>
        <om:timeout>4000</om:timeout>
        <om:disaster-limit>1</om:disaster-limit>
        <om:error key="disaster-limit">Please try later again.</om:error>

        <om:query-parser
            class="org.outermedia.solrfusion.query.EdisMaxQueryParser$Factory"/>

        <om:dismax-query-parser
            class="org.outermedia.solrfusion.query.DisMaxQueryParser$Factory"/>

        <om:response-parser
            class="org.outermedia.solrfusion.response.DefaultResponseParser$Factory"/>

        <om:response-renderer type="xml"
            class="org.outermedia.solrfusion.response.DefaultXmlResponseRenderer$Factory">
        </om:response-renderer>

        <om:query-builder class="org.outermedia.solrfusion.mapper.QueryBuilder$Factory"/>

        <om:dismax-query-builder class="org.outermedia.solrfusion.mapper.DisMaxQueryBuilder$Factory"/>

        <om:solr-server name="BibliothekA" version="3.6"
            class="org.outermedia.solrfusion.adapter.solr.DefaultSolrAdapter$Factory">

            <om:url>http://host:port/solr/xyz</om:url>

            <om:score factor="1.2"
                class="org.outermedia.solrfusion.DefaultScore$Factory"/>

            <om:unique-key>id</om:unique-key>

            <om:max-docs>100</om:max-docs>

            <om:field name="id" fusion-name="id"/>
            <om:field name="Titel" fusion-name="title"/>
            <om:field name="Autor" fusion-name="author"/>

            <om:field name="bibName" fusion-name="source">
                <om:change>
                    <om:response type="static-value">
                        <value>BIB-A</value>
                    </om:response>
                    <om:query type="static-value">
                        <value>bib1</value>
                    </om:query>
                </om:change>
            </om:field>

            <om:field name="f1" fusion-name="today">
                <om:change>
                    <om:response type="beanshell">
                        <script><![CDATA[
                            import java.text.SimpleDateFormat;
                            import java.util.*;
                            GregorianCalendar now = new GregorianCalendar(2014, 6, 19);
                            SimpleDateFormat fmt = new SimpleDateFormat("yyyy-MM-dd");
                            // predefined variables: see ScriptEnv.ENV_*
                            print("Conversion         : "+conversion);
                            print("Values             : "+values);
                            print("Search Server Field: "+searchServerField);
                            print("Search Server Value: "+searchServerValue);
                            print("Fusion Field       : "+fusionField);
                            print("Fusion Value       : "+fusionValue);
                            print("Fusion Field       : "+fusionFieldDeclaration);
                            print("Fusion Schema      : "+fusionSchema);
                            print("Doc Count          : "+facetDocCount);
                            print("Request            : "+fusionRequest);
                            print("Map facet doc?     : "+mapFacetValue);
                            print("Map highlight doc? : "+mapHighlightValue);
                            returnValues = searchServerValue.get(0)+" at "+fmt.format(now.getTime().getTime());
                            returnDocCounts = new ArrayList();
                            returnDocCounts.add(4);
                            returnDocCounts.add(1);
                            returnDocCounts.add(3);
                            returnDocCounts.add(2);
                        ]]></script>
                    </om:response>
                    <om:query type="beanshell">
                        <script><![CDATA[
                            import java.text.SimpleDateFormat;
                            GregorianCalendar now = new GregorianCalendar(2014, 6, 19);
                            SimpleDateFormat fmt = new SimpleDateFormat("yyyy-MM-dd");
                            // predefined variables: see ScriptEnv.ENV_*
                            print("Conversion         : "+conversion);
                            print("Values             : "+values);
                            print("Search Server Field: "+searchServerField);
                            print("Search Server Value: "+searchServerValue);
                            print("Fusion Field       : "+fusionField);
                            print("Fusion Value       : "+fusionValue);
                            print("Fusion Field       : "+fusionFieldDeclaration);
                            print("Fusion Schema      : "+fusionSchema);
                            print("Doc Count          : "+facetDocCount);
                            print("Request            : "+fusionRequest);
                            print("Map facet doc?     : "+mapFacetValue);
                            print("Map highlight doc? : "+mapHighlightValue);
                            returnValues = searchServerValue.get(0)+" at "+fmt.format(now.getTime().getTime());
                        ]]></script>
                    </om:query>
                </om:change>
            </om:field>

            <om:field name="f2" fusion-name="today2">
                <om:change>
                    <om:response type="beanshell-file">
                        <file>target/test-classes/test-bsh-file.bsh</file>
                    </om:response>
                    <om:query type="beanshell-file">
                        <file>target/test-classes/test-bsh-file.bsh</file>
                    </om:query>
                </om:change>
            </om:field>

            <om:field name="f3" fusion-name="today3">
                <om:change>
                    <om:response type="javascript">
                        <script><![CDATA[
                            importClass(java.text.SimpleDateFormat);
                            importPackage(java.util);
                            importClass(java.lang.Integer);
                            var now = new GregorianCalendar(2014, 6, 19);
                            var fmt = new SimpleDateFormat("yyyy-MM-dd");
                            // predefined variables: see ScriptEnv.ENV_*
                            print("Conversion         : "+conversion+"\n");
                            print("Values             : "+values+"\n");
                            print("Search Server Field: "+searchServerField+"\n");
                            print("Search Server Value: "+searchServerValue+"\n");
                            print("Fusion Field       : "+fusionField+"\n");
                            print("Fusion Value       : "+fusionValue+"\n");
                            print("Fusion Field       : "+fusionFieldDeclaration+"\n");
                            print("Fusion Schema      : "+fusionSchema+"\n");
                            print("Doc Count          : "+facetDocCount+"\n");
                            returnValues = searchServerValue.get(0)+" at "+fmt.format(now.getTime().getTime());
                            // Attention: Javascript int literals are Doubles in Java!
                            returnDocCounts = Arrays.asList(Integer.valueOf("4"), Integer.valueOf("1"),
                                Integer.valueOf("3"), Integer.valueOf("2"));
                        ]]></script>
                    </om:response>
                    <om:query type="javascript">
                        <script><![CDATA[
                            importClass(java.text.SimpleDateFormat);
                            importClass(java.util.GregorianCalendar);
                            var now = new GregorianCalendar(2014, 6, 19);
                            var fmt = new SimpleDateFormat("yyyy-MM-dd");
                            // predefined variables: see ScriptEnv.ENV_*
                            print("Conversion         : "+conversion+"\n");
                            print("Values             : "+values+"\n");
                            print("Search Server Field: "+searchServerField+"\n");
                            print("Search Server Value: "+searchServerValue+"\n");
                            print("Fusion Field       : "+fusionField+"\n");
                            print("Fusion Value       : "+fusionValue+"\n");
                            print("Fusion Field       : "+fusionFieldDeclaration+"\n");
                            print("Fusion Schema      : "+fusionSchema+"\n");
                            print("Doc Count          : "+facetDocCount+"\n");
                            returnValues = searchServerValue.get(0)+" at "+fmt.format(now.getTime().getTime());
                        ]]></script>
                    </om:query>
                </om:change>
            </om:field>

            <om:field name="f4" fusion-name="today4">
                <om:change>
                    <om:response type="javascript-file">
                        <file>target/test-classes/test-js-file.js</file>
                    </om:response>
                    <om:query type="javascript-file">
                        <file>target/test-classes/test-js-file.js</file>
                    </om:query>
                </om:change>
            </om:field>

            <om:field name="f5" fusion-name="text1">
                <om:change>
                    <om:response type="regexp">
                        <pattern>([^,]+),\s*(.+)</pattern>
                        <replacement>$2 $1</replacement>
                    </om:response>
                    <om:query type="regexp">
                        <pattern>([^ ]+)\s*(.+)</pattern>
                        <replacement>$2, $1</replacement>
                    </om:query>
                </om:change>
            </om:field>

            <om:field name="f6" fusion-name="text2">
                <om:change>
                    <om:query-response type="static-table">
                        <entry>
                            <value>u1</value>
                            <fusion-value>user1</fusion-value>
                        </entry>
                        <entry>
                            <value>u2</value>
                            <fusion-value>user2</fusion-value>
                        </entry>
                    </om:query-response>
                </om:change>
            </om:field>

            <om:field name="f7" fusion-name="text3">
                <om:change>
                    <om:query-response type="static-table-file">
                        <file>target/test-classes/test-table-file.xml</file>
                    </om:query-response>
                </om:change>
            </om:field>

            <om:field name="f8">
                <om:drop>
                    <om:response/>
                </om:drop>
            </om:field>

            <om:field fusion-name="text4">
                <om:drop>
                    <om:query/>
                </om:drop>
            </om:field>

            <om:field name-pattern="f9.*">
                <om:drop>
                    <om:response/>
                </om:drop>
            </om:field>

            <om:field fusion-name-pattern="text5.*">
                <om:drop>
                    <om:query/>
                </om:drop>
            </om:field>

            <!-- for bad drop queries -->
            <om:field name="t9" fusion-name="text9">
                <om:drop>
                    <om:query/>
                </om:drop>
            </om:field>
            <om:field name="t10" fusion-name="text10">
                <om:drop>
                    <om:response/>
                </om:drop>
            </om:field>

            <!-- for bad add queries -->
            <om:field name="t11" fusion-name="text11">
                <om:add level="outside">
                    <om:query type="static-value">
                        <value>+t11:"searched text"~2^75</value>
                    </om:query>
                </om:add>
            </om:field>
            <om:field name="t12" fusion-name="text12">
                <om:add>
                    <om:response type="static-value">
                        <value>42</value>
                    </om:response>
                </om:add>
            </om:field>
            <!-- second rule modifies value of first rule -->
            <om:field fusion-name="text12">
                <om:add>
                    <om:response type="javascript">
                        <script>
                            println("Mapping for text12: fusionValue="+fusionValue);
                            // in JS all numbers are float!
                            returnValues = (fusionValue.get(0)-41).toFixed()
                        </script>
                    </om:response>
                </om:add>
            </om:field>
            <om:field fusion-name="text13">
                <om:add>
                    <om:response type="static-value">
                        <value>1</value>
                        <value>2</value>
                        <value>3</value>
                    </om:response>
                </om:add>
            </om:field>
            <!-- add second query outside -->
            <om:field name="t13">
                <om:add level="outside">
                    <om:query type="static-value">
                        <value>t13:hello</value>
                    </om:query>
                </om:add>
            </om:field>

            <!-- split and change -->
            <om:field name="t14a" fusion-name="text14">
                <om:change>
                    <om:query type="static-value">
                        <value>YES</value>
                    </om:query>
                </om:change>
                <om:add level="inside">
                    <om:query type="static-value">
                        <value>t14a:helloA</value>
                    </om:query>
                </om:add>
            </om:field>
            <om:field name="t14b" fusion-name="text14">
                <om:add level="inside">
                    <om:query type="static-value">
                        <value>t14b:helloB</value>
                    </om:query>
                </om:add>
            </om:field>
            <!-- finally change the split query text14 -->
            <om:field name="t14" fusion-name="text14">
                <om:change>
                    <om:query type="static-value">
                        <value>hello1</value>
                    </om:query>
                </om:change>
            </om:field>

            <!-- split and drop -->
            <om:field name="t15a" fusion-name="text15">
                <om:add level="inside">
                    <om:query type="static-value">
                        <value>t15a:helloA</value>
                    </om:query>
                </om:add>
            </om:field>
            <om:field name="t15b" fusion-name="text15">
                <om:add level="inside">
                    <om:query type="static-value">
                        <value>t15b:helloB</value>
                    </om:query>
                </om:add>
                <om:drop>
                    <om:query/>
                </om:drop>
            </om:field>

            <!-- only a response has multi values, but not a query -->
            <om:field name="s6" fusion-name="text6">
                <om:change>
                    <om:response type="merge-multi-value">
                        <range>1</range>
                        <separator></separator>
                    </om:response>
                </om:change>
            </om:field>

            <om:field name="s7" fusion-name="text7">
                <om:change>
                    <om:response type="merge-multi-value">
                        <range>2</range>
                        <separator>,</separator>
                    </om:response>
                </om:change>
            </om:field>

            <om:field name="s8" fusion-name="text8">
                <om:change>
                    <om:response type="merge-multi-value">
                        <range>all</range>
                        <separator><![CDATA[ || ]]></separator>
                    </om:response>
                </om:change>
            </om:field>

            <!-- simply replace in query without modification -->
            <om:field name="s16" fusion-name="text16">
                <om:add level="inside">
                    <om:query/>
                </om:add>
                <om:drop>
                    <om:query/>
                </om:drop>
            </om:field>

            <!-- two additions in query without modifications -->
            <om:field name="s17" fusion-name="text17">
                <om:add level="inside">
                    <om:query/>
                </om:add>
            </om:field>
            <om:field name="s18" fusion-name="text17">
                <om:add level="inside">
                    <om:query/>
                </om:add>
                <om:drop>
                    <om:query/>
                </om:drop>
            </om:field>

            <!-- add in facet -->
            <om:field name="s19" fusion-name="text18a">
                <om:add>
                    <om:response />
                </om:add>
            </om:field>
            <om:field name="s19" fusion-name="text18b">
                <om:add>
                    <om:response />
                </om:add>
            </om:field>
            <om:field name="s19">
                <om:drop>
                    <om:response/>
                </om:drop>
            </om:field>

            <!-- non global rules -->
            <om:field name="language" fusion-name="language" />

            <!-- add to facet only, not document -->
            <om:field fusion-name="server">
                <om:add>
                    <om:response target="facet" type="static-value">
                        <value>UBL1</value>
                    </om:response>
                </om:add>
            </om:field>

        </om:solr-server>

    </om:solr-servers>
</om:core>